#-----------------------------------------------------------
# Vivado v2018.3 (64-bit)
# SW Build 2405991 on Thu Dec  6 23:38:27 MST 2018
# IP Build 2404404 on Fri Dec  7 01:43:56 MST 2018
# Start of session at: Thu Jul 18 20:10:07 2019
# Process ID: 4880
# Current directory: C:/Users/user/Desktop/games/CPU_Project
# Command line: vivado.exe -gui_launcher_event rodinguilauncherevent11600 C:\Users\user\Desktop\games\CPU_Project\thinpad_top.xpr
# Log file: C:/Users/user/Desktop/games/CPU_Project/vivado.log
# Journal file: C:/Users/user/Desktop/games/CPU_Project\vivado.jou
#-----------------------------------------------------------
start_gui
open_project C:/Users/user/Desktop/games/CPU_Project/thinpad_top.xpr
INFO: [Project 1-313] Project file moved from 'C:/Users/a710128/Desktop/cpu/nw' since last save.
Scanning sources...
Finished scanning sources
WARNING: [Project 1-509] GeneratedRun file for 'synth_1' not found
WARNING: [Project 1-509] GeneratedRun file for 'pll_example_synth_1' not found
WARNING: [Project 1-509] GeneratedRun file for 'mult_gen_0_synth_1' not found
WARNING: [Project 1-509] GeneratedRun file for 'blk_mem_gen_0_synth_1' not found
WARNING: [Project 1-509] GeneratedRun file for 'impl_1' not found
WARNING: [filemgmt 56-2] IPUserFilesDir: Could not find the directory 'C:/Users/user/Desktop/games/CPU_Project/thinpad_top.ip_user_files', nor could it be found using path 'C:/Users/a710128/Desktop/cpu/nw/thinpad_top.ip_user_files'.
INFO: [IP_Flow 19-234] Refreshing IP repositories
INFO: [IP_Flow 19-1704] No user IP repositories specified
INFO: [IP_Flow 19-2313] Loaded Vivado IP repository 'C:/Xilinx/Vivado/2018.3/data/ip'.
open_project: Time (s): cpu = 00:00:21 ; elapsed = 00:00:11 . Memory (MB): peak = 696.711 ; gain = 98.984
update_compile_order -fileset sources_1
launch_runs synth_1 -jobs 2
INFO: [IP_Flow 19-1686] Generating 'Synthesis' target for IP 'blk_mem_gen_0'...
[Thu Jul 18 20:11:37 2019] Launched pll_example_synth_1, mult_gen_0_synth_1, blk_mem_gen_0_synth_1...
Run output will be captured here:
pll_example_synth_1: C:/Users/user/Desktop/games/CPU_Project/thinpad_top.runs/pll_example_synth_1/runme.log
mult_gen_0_synth_1: C:/Users/user/Desktop/games/CPU_Project/thinpad_top.runs/mult_gen_0_synth_1/runme.log
blk_mem_gen_0_synth_1: C:/Users/user/Desktop/games/CPU_Project/thinpad_top.runs/blk_mem_gen_0_synth_1/runme.log
[Thu Jul 18 20:11:38 2019] Launched synth_1...
Run output will be captured here: C:/Users/user/Desktop/games/CPU_Project/thinpad_top.runs/synth_1/runme.log
launch_runs impl_1 -jobs 2
[Thu Jul 18 20:18:09 2019] Launched impl_1...
Run output will be captured here: C:/Users/user/Desktop/games/CPU_Project/thinpad_top.runs/impl_1/runme.log
launch_runs impl_1 -to_step write_bitstream -jobs 2
[Thu Jul 18 20:21:52 2019] Launched impl_1...
Run output will be captured here: C:/Users/user/Desktop/games/CPU_Project/thinpad_top.runs/impl_1/runme.log
reset_run synth_1
launch_runs impl_1 -to_step write_bitstream -jobs 2
[Thu Jul 18 21:21:17 2019] Launched synth_1...
Run output will be captured here: C:/Users/user/Desktop/games/CPU_Project/thinpad_top.runs/synth_1/runme.log
[Thu Jul 18 21:21:17 2019] Launched impl_1...
Run output will be captured here: C:/Users/user/Desktop/games/CPU_Project/thinpad_top.runs/impl_1/runme.log
reset_run synth_1
launch_runs impl_1 -to_step write_bitstream -jobs 2
[Thu Jul 18 22:35:29 2019] Launched synth_1...
Run output will be captured here: C:/Users/user/Desktop/games/CPU_Project/thinpad_top.runs/synth_1/runme.log
[Thu Jul 18 22:35:29 2019] Launched impl_1...
Run output will be captured here: C:/Users/user/Desktop/games/CPU_Project/thinpad_top.runs/impl_1/runme.log
exit
INFO: [Common 17-206] Exiting Vivado at Thu Jul 18 23:16:40 2019...
